<?xml version="1.0" encoding="UTF-8" ?>
<testsuites id="2025-11-13" name="report_1" tests="2" failures="0" skipped="0" flaky="0" time="0.000">
	<testsuite id="0" name="TestSpaceChunkSpawner" package="test" timestamp="2025-11-13T23:16:27" hostname="localhost" tests="2" failures="0" errors="2" skipped="0" flaky="0" time="0.069">
		<testcase name="test_density_survival_rate" classname="TestSpaceChunkSpawner" time="0.021">
			<error message="ERROR: res://test/TestSpaceChunkSpawner.gd:41" type="ABORT">
<![CDATA[
Godot Runtime Error !
	'at: test_density_survival_rate (res://test/TestSpaceChunkSpawner.gd:41)'
Error: 'Invalid access to property or key 'content_free_zone_reduction' on a base object of type 'Nil'.'
]]>
			</error>
		</testcase>
		<testcase name="test_uniform_z_placement" classname="TestSpaceChunkSpawner" time="0.021">
			<error message="ERROR: res://test/TestSpaceChunkSpawner.gd:67" type="ABORT">
<![CDATA[
Godot Runtime Error !
	'at: test_uniform_z_placement (res://test/TestSpaceChunkSpawner.gd:67)'
Error: 'Invalid assignment of property or key 'spawn_volume_z' with value of type 'float' on a base object of type 'Nil'.'
]]>
			</error>
		</testcase>
	</testsuite>
</testsuites>
